<?xml version="1.0" encoding="UTF-8"?>
<testng-results skipped="0" failed="0" ignored="0" total="1" passed="1">
  <reporter-output>
    <line>
      <![CDATA[chrome launched]]>
    </line>
    <line>
      <![CDATA[Navigating to test url]]>
    </line>
    <line>
      <![CDATA[Logged in successfully]]>
    </line>
    <line>
      <![CDATA[Successfully navigated to Create payment request page.]]>
    </line>
    <line>
      <![CDATA[Script passed]]>
    </line>
    <line>
      <![CDATA[Browser closed]]>
    </line>
  </reporter-output>
  <suite name="Suite" duration-ms="22823" started-at="2018-05-30T13:09:46Z" finished-at="2018-05-30T13:10:08Z">
    <groups>
    </groups>
    <test name="Login" duration-ms="22823" started-at="2018-05-30T13:09:46Z" finished-at="2018-05-30T13:10:08Z">
      <class name="scripts.LoginTest">
        <test-method status="PASS" signature="preCondition(java.lang.String)[pri:0, instance:scripts.LoginTest@bd8db5a]" name="preCondition" is-config="true" duration-ms="9046" started-at="2018-05-30T13:09:46Z" finished-at="2018-05-30T13:09:55Z">
          <params>
            <param index="0">
              <value>
                <![CDATA[chrome]]>
              </value>
            </param>
          </params>
          <reporter-output>
            <line>
              <![CDATA[chrome launched]]>
            </line>
            <line>
              <![CDATA[Navigating to test url]]>
            </line>
          </reporter-output>
        </test-method> <!-- preCondition -->
        <test-method status="PASS" signature="loginTest()[pri:0, instance:scripts.LoginTest@bd8db5a]" name="loginTest" duration-ms="13758" started-at="2018-05-30T13:09:55Z" finished-at="2018-05-30T13:10:08Z">
          <reporter-output>
            <line>
              <![CDATA[Logged in successfully]]>
            </line>
            <line>
              <![CDATA[Successfully navigated to Create payment request page.]]>
            </line>
          </reporter-output>
        </test-method> <!-- loginTest -->
        <test-method status="PASS" signature="postCondition(org.testng.ITestResult)[pri:0, instance:scripts.LoginTest@bd8db5a]" name="postCondition" is-config="true" duration-ms="0" started-at="2018-05-30T13:10:08Z" finished-at="2018-05-30T13:10:08Z">
          <params>
            <param index="0">
              <value>
                <![CDATA[[TestResult name=loginTest status=SUCCESS method=LoginTest.loginTest()[pri:0, instance:scripts.LoginTest@bd8db5a] output=Logged in successfully]]]>
              </value>
            </param>
          </params>
          <reporter-output>
            <line>
              <![CDATA[Script passed]]>
            </line>
            <line>
              <![CDATA[Browser closed]]>
            </line>
          </reporter-output>
        </test-method> <!-- postCondition -->
      </class> <!-- scripts.LoginTest -->
    </test> <!-- Login -->
  </suite> <!-- Suite -->
</testng-results>
